
> @vaultic/extension@0.1.0 build D:\CONG VIEC\vaultic\client\apps\extension
> wxt build


[90mWXT[39m [90m[1m0.19.29[22m[39m
[36mℹ[39m Building [36mchrome-mv3[39m for [36mproduction[39m with [32mVite 6.4.1[39m
- Preparing...
[33m
(!) Some chunks are larger than 500 kB after minification. Consider:
- Using dynamic import() to code-split the application
- Use build.rollupOptions.output.manualChunks to improve chunking: https://rollupjs.org/configuration-options/#output-manualchunks
- Adjust chunk size limit for this warning via build.chunkSizeWarningLimit.[39m
[32m✔[39m Built extension in 14.3 s
[90m  ├─[39m [2m.output\chrome-mv3\[22m[34mmanifest.json[39m               [2m777 B[22m    
[90m  ├─[39m [2m.output\chrome-mv3\[22m[32mpopup.html[39m                  [2m403 B[22m    
[90m  ├─[39m [2m.output\chrome-mv3\[22m[36mbackground.js[39m               [2m26.95 kB[22m 
[90m  ├─[39m [2m.output\chrome-mv3\[22m[36mchunks\popup-CqsCJyQ2.js[39m    [2m578.41 kB[22m
[90m  ├─[39m [2m.output\chrome-mv3\[22m[36mcontent-scripts\content.js[39m  [2m31.17 kB[22m 
[90m  ├─[39m [2m.output\chrome-mv3\[22m[35massets\popup-DANU9OEj.css[39m   [2m871 B[22m    
[90m  ├─[39m [2m.output\chrome-mv3\[22m[34massets\icons\icon-128.png[39m   [2m7.4 kB[22m   
[90m  ├─[39m [2m.output\chrome-mv3\[22m[34massets\icons\icon-16.png[39m    [2m1.89 kB[22m  
[90m  ├─[39m [2m.output\chrome-mv3\[22m[34massets\icons\icon-192.png[39m   [2m37.94 kB[22m 
[90m  ├─[39m [2m.output\chrome-mv3\[22m[34massets\icons\icon-32.png[39m    [2m4.23 kB[22m  
[90m  └─[39m [2m.output\chrome-mv3\[22m[34massets\icons\icon-48.png[39m    [2m6.73 kB[22m  
[36mΣ Total size:[39m 696.77 kB                                              
[32m✔[39m Finished in 14.5 s
